<?xml version="1.0" encoding="UTF-8"?>
<!-- Generated by org.testng.reporters.JUnitReportReporter -->
<testsuite hostname="Borse-Brothers" failures="0" tests="2" name="com.listenerproject.SampleProject" time="5.012" errors="0" timestamp="2023-02-27T12:53:20 IST" skipped="0">
  <testcase classname="com.listenerproject.SampleProject" name="validateMathOPeration" time="0.033"/>
  <system-out/>
  <testcase classname="com.listenerproject.SampleProject" name="openBrowser" time="4.979"/>
  <system-out/>
</testsuite> <!-- com.listenerproject.SampleProject -->
