<?xml version="1.0" encoding="UTF-8"?>
<!-- Generated by org.testng.reporters.JUnitReportReporter -->
<testsuite hostname="Borse-Brothers" failures="0" tests="1" name="BaseTestcase.SignUptest" time="10.392" errors="0" timestamp="2023-02-27T12:53:20 IST" skipped="0">
  <testcase classname="BaseTestcase.SignUptest" name="SignUptest" time="10.392"/>
  <system-out/>
</testsuite> <!-- BaseTestcase.SignUptest -->
