<?xml version="1.0" encoding="UTF-8"?>
<!-- Generated by org.testng.reporters.JUnitReportReporter -->
<testsuite hostname="Borse-Brothers" failures="0" tests="1" name="BaseTestcase.Loginpagetest" time="2.644" errors="0" timestamp="2023-02-27T12:53:20 IST" skipped="0">
  <testcase classname="BaseTestcase.Loginpagetest" name="loginTest" time="2.644"/>
  <system-out/>
</testsuite> <!-- BaseTestcase.Loginpagetest -->
